mode: set
github.com/amagimedia/transcoders/handlers/addTranscoder.go:29.65,36.43 3 1
github.com/amagimedia/transcoders/handlers/addTranscoder.go:36.43,39.3 2 1
github.com/amagimedia/transcoders/handlers/addTranscoder.go:42.2,42.46 1 1
github.com/amagimedia/transcoders/handlers/addTranscoder.go:42.46,45.3 2 1
github.com/amagimedia/transcoders/handlers/addTranscoder.go:48.2,57.22 3 1
github.com/amagimedia/transcoders/handlers/addTranscoder.go:57.22,59.3 1 1
github.com/amagimedia/transcoders/handlers/addTranscoder.go:62.2,69.70 4 1
github.com/amagimedia/transcoders/handlers/addTranscoder.go:69.70,72.3 2 1
github.com/amagimedia/transcoders/handlers/addTranscoder.go:75.2,75.69 1 1
github.com/amagimedia/transcoders/handlers/dbopts.go:10.55,15.2 1 1
github.com/amagimedia/transcoders/handlers/dbopts.go:16.66,22.2 4 1
github.com/amagimedia/transcoders/handlers/deleteTranscoder.go:27.68,31.16 2 1
github.com/amagimedia/transcoders/handlers/deleteTranscoder.go:31.16,34.3 2 1
github.com/amagimedia/transcoders/handlers/deleteTranscoder.go:37.2,44.88 2 1
github.com/amagimedia/transcoders/handlers/deleteTranscoder.go:44.88,47.3 2 1
github.com/amagimedia/transcoders/handlers/deleteTranscoder.go:47.8,47.38 1 1
github.com/amagimedia/transcoders/handlers/deleteTranscoder.go:47.38,50.3 2 1
github.com/amagimedia/transcoders/handlers/deleteTranscoder.go:53.2,53.66 1 1
github.com/amagimedia/transcoders/handlers/getTranscoders.go:23.66,38.22 9 1
github.com/amagimedia/transcoders/handlers/getTranscoders.go:38.22,40.3 1 1
github.com/amagimedia/transcoders/handlers/getTranscoders.go:43.2,43.21 1 1
github.com/amagimedia/transcoders/handlers/getTranscoders.go:43.21,45.3 1 1
github.com/amagimedia/transcoders/handlers/getTranscoders.go:48.2,48.17 1 1
github.com/amagimedia/transcoders/handlers/getTranscoders.go:48.17,50.3 1 1
github.com/amagimedia/transcoders/handlers/getTranscoders.go:53.2,53.22 1 1
github.com/amagimedia/transcoders/handlers/getTranscoders.go:53.22,55.3 1 1
github.com/amagimedia/transcoders/handlers/getTranscoders.go:58.2,59.26 2 1
github.com/amagimedia/transcoders/handlers/getTranscoders.go:59.26,62.17 3 1
github.com/amagimedia/transcoders/handlers/getTranscoders.go:62.17,64.4 1 1
github.com/amagimedia/transcoders/handlers/getTranscoders.go:68.2,69.30 2 1
github.com/amagimedia/transcoders/handlers/getTranscoders.go:69.30,72.17 3 1
github.com/amagimedia/transcoders/handlers/getTranscoders.go:72.17,74.4 1 1
github.com/amagimedia/transcoders/handlers/getTranscoders.go:78.2,84.77 3 1
github.com/amagimedia/transcoders/handlers/getTranscoders.go:84.77,86.3 1 1
github.com/amagimedia/transcoders/handlers/getTranscoders.go:86.8,89.3 2 1
github.com/amagimedia/transcoders/handlers/healthz.go:17.59,21.2 2 1
github.com/amagimedia/transcoders/handlers/patchTranscoder.go:29.67,37.16 3 1
github.com/amagimedia/transcoders/handlers/patchTranscoder.go:37.16,40.3 2 1
github.com/amagimedia/transcoders/handlers/patchTranscoder.go:43.2,44.75 2 1
github.com/amagimedia/transcoders/handlers/patchTranscoder.go:44.75,47.3 2 1
github.com/amagimedia/transcoders/handlers/patchTranscoder.go:50.2,51.27 2 1
github.com/amagimedia/transcoders/handlers/patchTranscoder.go:51.27,52.68 1 1
github.com/amagimedia/transcoders/handlers/patchTranscoder.go:52.68,55.4 2 1
github.com/amagimedia/transcoders/handlers/patchTranscoder.go:59.2,60.32 2 1
github.com/amagimedia/transcoders/handlers/patchTranscoder.go:60.32,62.3 1 1
github.com/amagimedia/transcoders/handlers/patchTranscoder.go:65.2,68.94 2 1
github.com/amagimedia/transcoders/handlers/patchTranscoder.go:68.94,71.3 2 1
github.com/amagimedia/transcoders/handlers/patchTranscoder.go:71.8,71.38 1 1
github.com/amagimedia/transcoders/handlers/patchTranscoder.go:71.38,74.3 2 1
github.com/amagimedia/transcoders/handlers/patchTranscoder.go:77.2,77.64 1 1
github.com/amagimedia/transcoders/handlers/putTranscoder.go:26.65,35.44 3 1
github.com/amagimedia/transcoders/handlers/putTranscoder.go:35.44,38.3 2 0
github.com/amagimedia/transcoders/handlers/putTranscoder.go:41.2,41.47 1 1
github.com/amagimedia/transcoders/handlers/putTranscoder.go:41.47,44.3 2 1
github.com/amagimedia/transcoders/handlers/putTranscoder.go:47.2,70.87 4 1
github.com/amagimedia/transcoders/handlers/putTranscoder.go:70.87,73.3 2 0
github.com/amagimedia/transcoders/handlers/putTranscoder.go:73.8,73.32 1 1
github.com/amagimedia/transcoders/handlers/putTranscoder.go:73.32,75.3 1 1
github.com/amagimedia/transcoders/handlers/putTranscoder.go:78.2,78.66 1 1
github.com/amagimedia/transcoders/handlers/validators.go:17.43,18.50 1 1
github.com/amagimedia/transcoders/handlers/validators.go:18.50,20.3 1 1
github.com/amagimedia/transcoders/handlers/validators.go:21.2,21.14 1 1
github.com/amagimedia/transcoders/handlers/validators.go:24.62,25.54 1 1
github.com/amagimedia/transcoders/handlers/validators.go:25.54,27.3 1 1
github.com/amagimedia/transcoders/handlers/validators.go:28.2,28.53 1 1
github.com/amagimedia/transcoders/handlers/validators.go:28.53,30.3 1 1
github.com/amagimedia/transcoders/handlers/validators.go:31.2,31.59 1 1
github.com/amagimedia/transcoders/handlers/validators.go:31.59,33.3 1 1
github.com/amagimedia/transcoders/handlers/validators.go:34.2,34.31 1 1
