mode: set
github.com/amagimedia/transcoders/handlers/addTranscoder.go:29.65,36.44 3 1
github.com/amagimedia/transcoders/handlers/addTranscoder.go:36.44,39.3 2 1
github.com/amagimedia/transcoders/handlers/addTranscoder.go:42.2,42.47 1 1
github.com/amagimedia/transcoders/handlers/addTranscoder.go:42.47,45.3 2 1
github.com/amagimedia/transcoders/handlers/addTranscoder.go:48.2,52.32 2 1
github.com/amagimedia/transcoders/handlers/addTranscoder.go:52.32,54.3 1 1
github.com/amagimedia/transcoders/handlers/addTranscoder.go:55.2,55.33 1 1
github.com/amagimedia/transcoders/handlers/addTranscoder.go:55.33,57.3 1 1
github.com/amagimedia/transcoders/handlers/addTranscoder.go:60.2,61.22 2 1
github.com/amagimedia/transcoders/handlers/addTranscoder.go:61.22,64.3 2 1
github.com/amagimedia/transcoders/handlers/addTranscoder.go:67.2,74.71 4 1
github.com/amagimedia/transcoders/handlers/addTranscoder.go:74.71,77.3 2 1
github.com/amagimedia/transcoders/handlers/addTranscoder.go:80.2,80.69 1 1
github.com/amagimedia/transcoders/handlers/dbopts.go:10.55,15.2 1 1
github.com/amagimedia/transcoders/handlers/dbopts.go:16.66,22.2 4 1
github.com/amagimedia/transcoders/handlers/deleteTranscoder.go:27.68,31.16 2 1
github.com/amagimedia/transcoders/handlers/deleteTranscoder.go:31.16,34.3 2 1
github.com/amagimedia/transcoders/handlers/deleteTranscoder.go:37.2,44.88 2 1
github.com/amagimedia/transcoders/handlers/deleteTranscoder.go:44.88,47.3 2 1
github.com/amagimedia/transcoders/handlers/deleteTranscoder.go:47.8,47.38 1 1
github.com/amagimedia/transcoders/handlers/deleteTranscoder.go:47.38,50.3 2 1
github.com/amagimedia/transcoders/handlers/deleteTranscoder.go:53.2,53.66 1 1
github.com/amagimedia/transcoders/handlers/getTranscoder.go:23.66,26.36 2 1
github.com/amagimedia/transcoders/handlers/getTranscoder.go:26.36,27.38 1 1
github.com/amagimedia/transcoders/handlers/getTranscoder.go:27.38,29.4 1 1
github.com/amagimedia/transcoders/handlers/getTranscoder.go:31.2,38.15 5 1
github.com/amagimedia/transcoders/handlers/getTranscoder.go:38.15,40.3 1 1
github.com/amagimedia/transcoders/handlers/getTranscoder.go:43.2,43.26 1 1
github.com/amagimedia/transcoders/handlers/getTranscoder.go:43.26,46.17 3 1
github.com/amagimedia/transcoders/handlers/getTranscoder.go:46.17,49.4 2 1
github.com/amagimedia/transcoders/handlers/getTranscoder.go:53.2,56.16 3 1
github.com/amagimedia/transcoders/handlers/getTranscoder.go:56.16,58.3 1 1
github.com/amagimedia/transcoders/handlers/getTranscoder.go:60.2,60.30 1 1
github.com/amagimedia/transcoders/handlers/getTranscoder.go:60.30,63.17 3 1
github.com/amagimedia/transcoders/handlers/getTranscoder.go:63.17,66.4 2 1
github.com/amagimedia/transcoders/handlers/getTranscoder.go:70.2,76.77 3 1
github.com/amagimedia/transcoders/handlers/getTranscoder.go:76.77,79.3 2 1
github.com/amagimedia/transcoders/handlers/getTranscoder.go:79.8,82.3 2 1
github.com/amagimedia/transcoders/handlers/healthz.go:17.59,21.2 2 1
github.com/amagimedia/transcoders/handlers/patchTranscoder.go:29.67,37.16 3 1
github.com/amagimedia/transcoders/handlers/patchTranscoder.go:37.16,40.3 2 1
github.com/amagimedia/transcoders/handlers/patchTranscoder.go:43.2,44.75 2 1
github.com/amagimedia/transcoders/handlers/patchTranscoder.go:44.75,47.3 2 1
github.com/amagimedia/transcoders/handlers/patchTranscoder.go:50.2,51.27 2 1
github.com/amagimedia/transcoders/handlers/patchTranscoder.go:51.27,52.68 1 1
github.com/amagimedia/transcoders/handlers/patchTranscoder.go:52.68,55.4 2 1
github.com/amagimedia/transcoders/handlers/patchTranscoder.go:59.2,60.32 2 1
github.com/amagimedia/transcoders/handlers/patchTranscoder.go:60.32,62.3 1 1
github.com/amagimedia/transcoders/handlers/patchTranscoder.go:65.2,68.94 2 1
github.com/amagimedia/transcoders/handlers/patchTranscoder.go:68.94,71.3 2 1
github.com/amagimedia/transcoders/handlers/patchTranscoder.go:71.8,71.38 1 1
github.com/amagimedia/transcoders/handlers/patchTranscoder.go:71.38,74.3 2 1
github.com/amagimedia/transcoders/handlers/patchTranscoder.go:77.2,77.64 1 1
github.com/amagimedia/transcoders/handlers/putTranscoder.go:26.65,35.44 3 1
github.com/amagimedia/transcoders/handlers/putTranscoder.go:35.44,38.3 2 1
github.com/amagimedia/transcoders/handlers/putTranscoder.go:41.2,41.47 1 1
github.com/amagimedia/transcoders/handlers/putTranscoder.go:41.47,44.3 2 1
github.com/amagimedia/transcoders/handlers/putTranscoder.go:47.2,68.87 4 1
github.com/amagimedia/transcoders/handlers/putTranscoder.go:68.87,71.3 2 1
github.com/amagimedia/transcoders/handlers/putTranscoder.go:71.8,71.32 1 1
github.com/amagimedia/transcoders/handlers/putTranscoder.go:71.32,73.3 1 1
github.com/amagimedia/transcoders/handlers/putTranscoder.go:76.2,76.66 1 1
github.com/amagimedia/transcoders/handlers/readyz.go:14.58,15.50 1 0
github.com/amagimedia/transcoders/handlers/readyz.go:15.50,18.3 2 0
github.com/amagimedia/transcoders/handlers/readyz.go:19.2,20.70 2 0
github.com/amagimedia/transcoders/handlers/validators.go:15.62,17.2 1 1
