mode: set
github.com/amagimedia/transcoders/handlers/addTranscoder.go:29.65,36.43 3 1
github.com/amagimedia/transcoders/handlers/addTranscoder.go:36.43,39.3 2 0
github.com/amagimedia/transcoders/handlers/addTranscoder.go:42.2,42.46 1 1
github.com/amagimedia/transcoders/handlers/addTranscoder.go:42.46,45.3 2 1
github.com/amagimedia/transcoders/handlers/addTranscoder.go:48.2,55.22 3 1
github.com/amagimedia/transcoders/handlers/addTranscoder.go:55.22,57.3 1 1
github.com/amagimedia/transcoders/handlers/addTranscoder.go:60.2,64.70 3 1
github.com/amagimedia/transcoders/handlers/addTranscoder.go:64.70,67.3 2 0
github.com/amagimedia/transcoders/handlers/addTranscoder.go:70.2,70.69 1 1
github.com/amagimedia/transcoders/handlers/deleteTranscoder.go:26.68,33.41 3 1
github.com/amagimedia/transcoders/handlers/deleteTranscoder.go:33.41,36.3 2 1
github.com/amagimedia/transcoders/handlers/deleteTranscoder.go:39.2,45.80 2 1
github.com/amagimedia/transcoders/handlers/deleteTranscoder.go:45.80,48.3 2 0
github.com/amagimedia/transcoders/handlers/deleteTranscoder.go:48.8,48.38 1 1
github.com/amagimedia/transcoders/handlers/deleteTranscoder.go:48.38,51.3 2 1
github.com/amagimedia/transcoders/handlers/deleteTranscoder.go:54.2,54.66 1 1
github.com/amagimedia/transcoders/handlers/getTranscoders.go:23.66,35.22 6 1
github.com/amagimedia/transcoders/handlers/getTranscoders.go:35.22,37.3 1 1
github.com/amagimedia/transcoders/handlers/getTranscoders.go:40.2,40.21 1 1
github.com/amagimedia/transcoders/handlers/getTranscoders.go:40.21,42.3 1 1
github.com/amagimedia/transcoders/handlers/getTranscoders.go:45.2,49.17 3 1
github.com/amagimedia/transcoders/handlers/getTranscoders.go:49.17,51.3 1 1
github.com/amagimedia/transcoders/handlers/getTranscoders.go:51.8,53.17 2 1
github.com/amagimedia/transcoders/handlers/getTranscoders.go:53.17,55.4 1 0
github.com/amagimedia/transcoders/handlers/getTranscoders.go:56.3,56.29 1 1
github.com/amagimedia/transcoders/handlers/getTranscoders.go:60.2,60.16 1 1
github.com/amagimedia/transcoders/handlers/getTranscoders.go:60.16,62.3 1 1
github.com/amagimedia/transcoders/handlers/getTranscoders.go:62.8,64.17 2 0
github.com/amagimedia/transcoders/handlers/getTranscoders.go:64.17,66.4 1 0
github.com/amagimedia/transcoders/handlers/getTranscoders.go:67.3,67.27 1 0
github.com/amagimedia/transcoders/handlers/getTranscoders.go:71.2,71.77 1 1
github.com/amagimedia/transcoders/handlers/getTranscoders.go:71.77,73.3 1 0
github.com/amagimedia/transcoders/handlers/getTranscoders.go:73.8,76.3 2 1
github.com/amagimedia/transcoders/handlers/healthz.go:17.59,21.2 2 0
github.com/amagimedia/transcoders/handlers/patchTranscoder.go:15.41,24.38 3 1
github.com/amagimedia/transcoders/handlers/patchTranscoder.go:24.38,25.26 1 1
github.com/amagimedia/transcoders/handlers/patchTranscoder.go:25.26,27.4 1 1
github.com/amagimedia/transcoders/handlers/patchTranscoder.go:30.2,36.15 3 1
github.com/amagimedia/transcoders/handlers/patchTranscoder.go:53.67,63.41 4 1
github.com/amagimedia/transcoders/handlers/patchTranscoder.go:63.41,66.3 2 1
github.com/amagimedia/transcoders/handlers/patchTranscoder.go:69.2,70.75 2 1
github.com/amagimedia/transcoders/handlers/patchTranscoder.go:70.75,73.3 2 0
github.com/amagimedia/transcoders/handlers/patchTranscoder.go:76.2,77.27 2 1
github.com/amagimedia/transcoders/handlers/patchTranscoder.go:77.27,78.62 1 1
github.com/amagimedia/transcoders/handlers/patchTranscoder.go:78.62,81.4 2 1
github.com/amagimedia/transcoders/handlers/patchTranscoder.go:85.2,92.32 3 1
github.com/amagimedia/transcoders/handlers/patchTranscoder.go:92.32,94.3 1 1
github.com/amagimedia/transcoders/handlers/patchTranscoder.go:97.2,100.94 2 1
github.com/amagimedia/transcoders/handlers/patchTranscoder.go:100.94,103.3 2 0
github.com/amagimedia/transcoders/handlers/patchTranscoder.go:103.8,103.38 1 1
github.com/amagimedia/transcoders/handlers/patchTranscoder.go:103.38,106.3 2 1
github.com/amagimedia/transcoders/handlers/patchTranscoder.go:109.2,109.64 1 1
github.com/amagimedia/transcoders/handlers/putTranscoder.go:28.65,34.14 2 1
github.com/amagimedia/transcoders/handlers/putTranscoder.go:34.14,37.3 2 1
github.com/amagimedia/transcoders/handlers/putTranscoder.go:39.2,45.44 4 1
github.com/amagimedia/transcoders/handlers/putTranscoder.go:45.44,48.3 2 0
github.com/amagimedia/transcoders/handlers/putTranscoder.go:51.2,51.47 1 1
github.com/amagimedia/transcoders/handlers/putTranscoder.go:51.47,54.3 2 1
github.com/amagimedia/transcoders/handlers/putTranscoder.go:57.2,58.16 2 1
github.com/amagimedia/transcoders/handlers/putTranscoder.go:58.16,61.3 2 0
github.com/amagimedia/transcoders/handlers/putTranscoder.go:62.2,80.87 4 1
github.com/amagimedia/transcoders/handlers/putTranscoder.go:80.87,83.3 2 0
github.com/amagimedia/transcoders/handlers/putTranscoder.go:83.8,83.32 1 1
github.com/amagimedia/transcoders/handlers/putTranscoder.go:83.32,85.3 1 0
github.com/amagimedia/transcoders/handlers/putTranscoder.go:88.2,88.66 1 1
github.com/amagimedia/transcoders/handlers/validators.go:17.43,18.50 1 1
github.com/amagimedia/transcoders/handlers/validators.go:18.50,20.3 1 1
github.com/amagimedia/transcoders/handlers/validators.go:21.2,21.14 1 1
github.com/amagimedia/transcoders/handlers/validators.go:24.62,25.54 1 1
github.com/amagimedia/transcoders/handlers/validators.go:25.54,27.3 1 1
github.com/amagimedia/transcoders/handlers/validators.go:28.2,28.53 1 1
github.com/amagimedia/transcoders/handlers/validators.go:28.53,30.3 1 1
github.com/amagimedia/transcoders/handlers/validators.go:31.2,31.59 1 1
github.com/amagimedia/transcoders/handlers/validators.go:31.59,33.3 1 1
github.com/amagimedia/transcoders/handlers/validators.go:34.2,34.31 1 1
