mode: set
github.com/amagimedia/transcoders/handlers/addTranscoder.go:27.65,34.44 3 1
github.com/amagimedia/transcoders/handlers/addTranscoder.go:34.44,37.3 2 1
github.com/amagimedia/transcoders/handlers/addTranscoder.go:40.2,40.47 1 1
github.com/amagimedia/transcoders/handlers/addTranscoder.go:40.47,43.3 2 1
github.com/amagimedia/transcoders/handlers/addTranscoder.go:46.2,50.22 3 1
github.com/amagimedia/transcoders/handlers/addTranscoder.go:50.22,53.3 2 1
github.com/amagimedia/transcoders/handlers/addTranscoder.go:56.2,63.71 4 1
github.com/amagimedia/transcoders/handlers/addTranscoder.go:63.71,66.3 2 1
github.com/amagimedia/transcoders/handlers/addTranscoder.go:69.2,69.69 1 1
github.com/amagimedia/transcoders/handlers/dbopts.go:10.55,15.2 1 1
github.com/amagimedia/transcoders/handlers/dbopts.go:16.66,22.2 4 1
github.com/amagimedia/transcoders/handlers/deleteTranscoder.go:23.68,27.16 2 1
github.com/amagimedia/transcoders/handlers/deleteTranscoder.go:27.16,30.3 2 1
github.com/amagimedia/transcoders/handlers/deleteTranscoder.go:33.2,40.88 2 1
github.com/amagimedia/transcoders/handlers/deleteTranscoder.go:40.88,43.3 2 1
github.com/amagimedia/transcoders/handlers/deleteTranscoder.go:43.8,43.38 1 1
github.com/amagimedia/transcoders/handlers/deleteTranscoder.go:43.38,46.3 2 1
github.com/amagimedia/transcoders/handlers/deleteTranscoder.go:49.2,49.66 1 1
github.com/amagimedia/transcoders/handlers/getTranscoder.go:23.66,26.36 2 1
github.com/amagimedia/transcoders/handlers/getTranscoder.go:26.36,27.38 1 1
github.com/amagimedia/transcoders/handlers/getTranscoder.go:27.38,29.4 1 1
github.com/amagimedia/transcoders/handlers/getTranscoder.go:31.2,38.16 5 1
github.com/amagimedia/transcoders/handlers/getTranscoder.go:38.16,41.3 2 1
github.com/amagimedia/transcoders/handlers/getTranscoder.go:44.2,44.26 1 1
github.com/amagimedia/transcoders/handlers/getTranscoder.go:44.26,47.17 3 1
github.com/amagimedia/transcoders/handlers/getTranscoder.go:47.17,50.4 2 1
github.com/amagimedia/transcoders/handlers/getTranscoder.go:52.2,58.16 4 1
github.com/amagimedia/transcoders/handlers/getTranscoder.go:58.16,61.3 2 1
github.com/amagimedia/transcoders/handlers/getTranscoder.go:64.2,64.30 1 1
github.com/amagimedia/transcoders/handlers/getTranscoder.go:64.30,67.17 3 1
github.com/amagimedia/transcoders/handlers/getTranscoder.go:67.17,70.4 2 1
github.com/amagimedia/transcoders/handlers/getTranscoder.go:72.2,81.77 4 1
github.com/amagimedia/transcoders/handlers/getTranscoder.go:81.77,84.3 2 1
github.com/amagimedia/transcoders/handlers/getTranscoder.go:84.8,87.3 2 1
github.com/amagimedia/transcoders/handlers/getTranscoder.go:90.35,91.15 1 1
github.com/amagimedia/transcoders/handlers/getTranscoder.go:91.15,93.3 1 0
github.com/amagimedia/transcoders/handlers/getTranscoder.go:94.2,94.13 1 1
github.com/amagimedia/transcoders/handlers/getTranscoder.go:97.43,98.19 1 1
github.com/amagimedia/transcoders/handlers/getTranscoder.go:98.19,100.3 1 0
github.com/amagimedia/transcoders/handlers/getTranscoder.go:101.2,101.17 1 1
github.com/amagimedia/transcoders/handlers/healthz.go:16.59,20.2 2 1
github.com/amagimedia/transcoders/handlers/patchTranscoder.go:27.67,35.16 3 1
github.com/amagimedia/transcoders/handlers/patchTranscoder.go:35.16,38.3 2 1
github.com/amagimedia/transcoders/handlers/patchTranscoder.go:41.2,42.75 2 1
github.com/amagimedia/transcoders/handlers/patchTranscoder.go:42.75,45.3 2 1
github.com/amagimedia/transcoders/handlers/patchTranscoder.go:48.2,49.27 2 1
github.com/amagimedia/transcoders/handlers/patchTranscoder.go:49.27,50.68 1 1
github.com/amagimedia/transcoders/handlers/patchTranscoder.go:50.68,53.4 2 1
github.com/amagimedia/transcoders/handlers/patchTranscoder.go:57.2,58.32 2 1
github.com/amagimedia/transcoders/handlers/patchTranscoder.go:58.32,60.3 1 1
github.com/amagimedia/transcoders/handlers/patchTranscoder.go:63.2,66.94 2 1
github.com/amagimedia/transcoders/handlers/patchTranscoder.go:66.94,69.3 2 1
github.com/amagimedia/transcoders/handlers/patchTranscoder.go:69.8,69.38 1 1
github.com/amagimedia/transcoders/handlers/patchTranscoder.go:69.38,72.3 2 1
github.com/amagimedia/transcoders/handlers/patchTranscoder.go:75.2,75.64 1 1
github.com/amagimedia/transcoders/handlers/putTranscoder.go:24.65,33.44 3 1
github.com/amagimedia/transcoders/handlers/putTranscoder.go:33.44,36.3 2 1
github.com/amagimedia/transcoders/handlers/putTranscoder.go:39.2,39.47 1 1
github.com/amagimedia/transcoders/handlers/putTranscoder.go:39.47,42.3 2 1
github.com/amagimedia/transcoders/handlers/putTranscoder.go:45.2,63.87 4 1
github.com/amagimedia/transcoders/handlers/putTranscoder.go:63.87,66.3 2 1
github.com/amagimedia/transcoders/handlers/putTranscoder.go:66.8,66.32 1 1
github.com/amagimedia/transcoders/handlers/putTranscoder.go:66.32,68.3 1 1
github.com/amagimedia/transcoders/handlers/putTranscoder.go:71.2,71.66 1 1
github.com/amagimedia/transcoders/handlers/readyz.go:17.58,18.50 1 1
github.com/amagimedia/transcoders/handlers/readyz.go:18.50,21.3 2 1
github.com/amagimedia/transcoders/handlers/readyz.go:22.2,23.70 2 1
github.com/amagimedia/transcoders/handlers/validators.go:19.71,22.31 1 0
github.com/amagimedia/transcoders/handlers/validators.go:22.31,27.13 2 0
github.com/amagimedia/transcoders/handlers/validators.go:27.13,29.4 1 0
github.com/amagimedia/transcoders/handlers/validators.go:32.3,32.66 1 0
github.com/amagimedia/transcoders/handlers/validators.go:32.66,34.4 1 0
github.com/amagimedia/transcoders/handlers/validators.go:37.2,37.12 1 0
github.com/amagimedia/transcoders/handlers/validators.go:40.62,46.77 2 1
github.com/amagimedia/transcoders/handlers/validators.go:46.77,51.72 2 0
github.com/amagimedia/transcoders/handlers/validators.go:51.72,53.4 1 0
github.com/amagimedia/transcoders/handlers/validators.go:59.2,59.73 1 1
github.com/amagimedia/transcoders/handlers/validators.go:59.73,64.68 2 0
github.com/amagimedia/transcoders/handlers/validators.go:64.68,66.4 1 0
github.com/amagimedia/transcoders/handlers/validators.go:70.2,70.31 1 1
